<?xml version="1.0" encoding="UTF-8"?>
<!-- Generated by org.testng.reporters.JUnitReportReporter -->
<testsuite hostname="USER-20160905MH" name="cn.selenium.testng.NewTest2" tests="4" failures="0" timestamp="22 Mar 2018 09:35:40 GMT" time="52.228" errors="0">
  <testcase name="f" time="16.333" classname="cn.selenium.testng.NewTest2"/>
  <testcase name="f" time="17.353" classname="cn.selenium.testng.NewTest2"/>
  <testcase name="f" time="9.574" classname="cn.selenium.testng.NewTest2"/>
  <testcase name="f" time="8.968" classname="cn.selenium.testng.NewTest2"/>
</testsuite> <!-- cn.selenium.testng.NewTest2 -->
