<?xml version="1.0" encoding="UTF-8"?>
<!-- Generated by org.testng.reporters.JUnitReportReporter -->
<testsuite hostname="USER-20160905MH" name="cn.selenium.testng.GameSearchTest" tests="2" failures="0" timestamp="20 Apr 2018 08:52:03 GMT" time="26.199" errors="0">
  <testcase name="f" time="12.907" classname="cn.selenium.testng.GameSearchTest"/>
  <testcase name="f" time="13.292" classname="cn.selenium.testng.GameSearchTest"/>
</testsuite> <!-- cn.selenium.testng.GameSearchTest -->
