<?xml version="1.0" encoding="UTF-8"?>
<!-- Generated by org.testng.reporters.JUnitReportReporter -->
<testsuite hostname="USER-20160905MH" name="cn.selenium.testng.TestNG_Demo" tests="2" failures="0" timestamp="20 Mar 2018 04:52:14 GMT" time="5.010" errors="0">
  <testcase name="b" time="0.000" classname="cn.selenium.testng.TestNG_Demo"/>
  <testcase name="a" time="5.010" classname="cn.selenium.testng.TestNG_Demo"/>
</testsuite> <!-- cn.selenium.testng.TestNG_Demo -->
