<?xml version="1.0" encoding="UTF-8"?>
<!-- Generated by org.testng.reporters.JUnitReportReporter -->
<testsuite hostname="USER-20160905MH" name="cn.selenium.testng.OpenUrl" tests="1" failures="0" timestamp="4 Aug 2018 04:25:11 GMT" time="2.506" errors="0">
  <testcase name="openBaidu" time="2.506" classname="cn.selenium.testng.OpenUrl"/>
</testsuite> <!-- cn.selenium.testng.OpenUrl -->
