<?xml version="1.0" encoding="UTF-8"?>
<!-- Generated by org.testng.reporters.JUnitReportReporter -->
<testsuite hostname="USER-20160905MH" name="cn.selenium.testng.Testjjj" tests="1" failures="0" timestamp="13 Apr 2018 03:49:56 GMT" time="6.929" errors="0">
  <testcase name="test" time="6.929" classname="cn.selenium.testng.Testjjj"/>
</testsuite> <!-- cn.selenium.testng.Testjjj -->
