<?xml version="1.0" encoding="UTF-8"?>
<!-- Generated by org.testng.reporters.JUnitReportReporter -->
<testsuite hostname="USER-20160905MH" name="cn.selenium.testng.TestNG_Demo2" tests="1" failures="0" timestamp="20 Mar 2018 04:52:14 GMT" time="0.009" errors="0">
  <testcase name="c" time="0.009" classname="cn.selenium.testng.TestNG_Demo2"/>
</testsuite> <!-- cn.selenium.testng.TestNG_Demo2 -->
