<?xml version="1.0" encoding="UTF-8"?>
<!-- Generated by org.testng.reporters.JUnitReportReporter -->
<testsuite hostname="USER-20160905MH" name="cn.selenium.testng.Demo2" tests="1" failures="0" timestamp="19 Mar 2018 11:23:56 GMT" time="0.000" errors="0">
  <testcase name="test1" time="0.000" classname="cn.selenium.testng.Demo2"/>
</testsuite> <!-- cn.selenium.testng.Demo2 -->
