<?xml version="1.0" encoding="UTF-8"?>
<!-- Generated by org.testng.reporters.JUnitReportReporter -->
<testsuite hostname="USER-20160905MH" name="cn.selenium.testng.PCSEOTagTest" tests="2" failures="0" timestamp="27 Jul 2018 06:29:31 GMT" time="34.392" errors="0">
  <testcase name="checkHomePageTag" time="14.912" classname="cn.selenium.testng.PCSEOTagTest"/>
  <testcase name="checkGameDownloadPageTag" time="19.480" classname="cn.selenium.testng.PCSEOTagTest"/>
</testsuite> <!-- cn.selenium.testng.PCSEOTagTest -->
