<?xml version="1.0" encoding="UTF-8"?>
<!-- Generated by org.testng.reporters.JUnitReportReporter -->
<testsuite hostname="USER-20160905MH" name="cn.selenium.testng.OpenBaidu" tests="2" failures="0" timestamp="31 Jul 2018 09:58:34 GMT" time="33.081" errors="0">
  <testcase name="case1" time="11.421" classname="cn.selenium.testng.OpenBaidu"/>
  <testcase name="case1" time="21.660" classname="cn.selenium.testng.OpenBaidu"/>
</testsuite> <!-- cn.selenium.testng.OpenBaidu -->
